23-06-01 22:58:35 TheSapiPot   INFO     [*] logfile: sapiPot.log
23-06-01 22:58:35 TheSapiPot   INFO     [*] HoneyPot Initializing....... 
23-06-01 22:58:58 TheSapiPot   INFO     [File Monitor]
[*]Method: IN_OPEN
[*]Even: <Event dir=True mask=0x40000020 maskname=IN_OPEN|IN_ISDIR name='' path=/root/Desktop/SapiDirFile pathname=/root/Desktop/SapiDirFile wd=1 > 

23-06-01 22:58:58 TheSapiPot   INFO     [File Monitor]
[*]Method: IN_ACCESS
[*]Even: <Event dir=True mask=0x40000001 maskname=IN_ACCESS|IN_ISDIR name='' path=/root/Desktop/SapiDirFile pathname=/root/Desktop/SapiDirFile wd=1 > 

23-06-01 22:58:58 TheSapiPot   INFO     [File Monitor]
[*]Method: IN_CLOSE_NOWRITE
[*]Even: <Event dir=True mask=0x40000010 maskname=IN_CLOSE_NOWRITE|IN_ISDIR name='' path=/root/Desktop/SapiDirFile pathname=/root/Desktop/SapiDirFile wd=1 > 

23-06-01 22:58:59 TheSapiPot   INFO     [File Monitor]
[*]Method: IN_OPEN
[*]Even: <Event dir=True mask=0x40000020 maskname=IN_OPEN|IN_ISDIR name='' path=/root/Desktop/SapiDirFile pathname=/root/Desktop/SapiDirFile wd=1 > 

23-06-01 22:58:59 TheSapiPot   INFO     [File Monitor]
[*]Method: IN_ACCESS
[*]Even: <Event dir=True mask=0x40000001 maskname=IN_ACCESS|IN_ISDIR name='' path=/root/Desktop/SapiDirFile pathname=/root/Desktop/SapiDirFile wd=1 > 

23-06-01 22:58:59 TheSapiPot   INFO     [File Monitor]
[*]Method: IN_CLOSE_NOWRITE
[*]Even: <Event dir=True mask=0x40000010 maskname=IN_CLOSE_NOWRITE|IN_ISDIR name='' path=/root/Desktop/SapiDirFile pathname=/root/Desktop/SapiDirFile wd=1 > 

23-06-01 22:58:59 TheSapiPot   INFO     [File Monitor]
[*]Method: IN_OPEN
[*]Even: <Event dir=True mask=0x40000020 maskname=IN_OPEN|IN_ISDIR name='' path=/root/Desktop/SapiDirFile pathname=/root/Desktop/SapiDirFile wd=1 > 

23-06-01 22:58:59 TheSapiPot   INFO     [File Monitor]
[*]Method: IN_ACCESS
[*]Even: <Event dir=True mask=0x40000001 maskname=IN_ACCESS|IN_ISDIR name='' path=/root/Desktop/SapiDirFile pathname=/root/Desktop/SapiDirFile wd=1 > 

23-06-01 22:58:59 TheSapiPot   INFO     [File Monitor]
[*]Method: IN_CLOSE_NOWRITE
[*]Even: <Event dir=True mask=0x40000010 maskname=IN_CLOSE_NOWRITE|IN_ISDIR name='' path=/root/Desktop/SapiDirFile pathname=/root/Desktop/SapiDirFile wd=1 > 

23-06-01 22:58:59 TheSapiPot   INFO     [File Monitor]
[*]Method: IN_OPEN
[*]Even: <Event dir=True mask=0x40000020 maskname=IN_OPEN|IN_ISDIR name='' path=/root/Desktop/SapiDirFile pathname=/root/Desktop/SapiDirFile wd=1 > 

23-06-01 22:58:59 TheSapiPot   INFO     [File Monitor]
[*]Method: IN_ACCESS
[*]Even: <Event dir=True mask=0x40000001 maskname=IN_ACCESS|IN_ISDIR name='' path=/root/Desktop/SapiDirFile pathname=/root/Desktop/SapiDirFile wd=1 > 

23-06-01 22:58:59 TheSapiPot   INFO     [File Monitor]
[*]Method: IN_CLOSE_NOWRITE
[*]Even: <Event dir=True mask=0x40000010 maskname=IN_CLOSE_NOWRITE|IN_ISDIR name='' path=/root/Desktop/SapiDirFile pathname=/root/Desktop/SapiDirFile wd=1 > 

23-06-01 22:59:00 TheSapiPot   INFO     [File Monitor]
[*]Method: IN_OPEN
[*]Even: <Event dir=True mask=0x40000020 maskname=IN_OPEN|IN_ISDIR name='' path=/root/Desktop/SapiDirFile pathname=/root/Desktop/SapiDirFile wd=1 > 

23-06-01 22:59:00 TheSapiPot   INFO     [File Monitor]
[*]Method: IN_ACCESS
[*]Even: <Event dir=True mask=0x40000001 maskname=IN_ACCESS|IN_ISDIR name='' path=/root/Desktop/SapiDirFile pathname=/root/Desktop/SapiDirFile wd=1 > 

23-06-01 22:59:00 TheSapiPot   INFO     [File Monitor]
[*]Method: IN_CLOSE_NOWRITE
[*]Even: <Event dir=True mask=0x40000010 maskname=IN_CLOSE_NOWRITE|IN_ISDIR name='' path=/root/Desktop/SapiDirFile pathname=/root/Desktop/SapiDirFile wd=1 > 

23-06-01 22:59:00 TheSapiPot   INFO     [File Monitor]
[*]Method: IN_OPEN
[*]Even: <Event dir=True mask=0x40000020 maskname=IN_OPEN|IN_ISDIR name='' path=/root/Desktop/SapiDirFile pathname=/root/Desktop/SapiDirFile wd=1 > 

23-06-01 22:59:00 TheSapiPot   INFO     [File Monitor]
[*]Method: IN_ACCESS
[*]Even: <Event dir=True mask=0x40000001 maskname=IN_ACCESS|IN_ISDIR name='' path=/root/Desktop/SapiDirFile pathname=/root/Desktop/SapiDirFile wd=1 > 

23-06-01 22:59:00 TheSapiPot   INFO     [File Monitor]
[*]Method: IN_CLOSE_NOWRITE
[*]Even: <Event dir=True mask=0x40000010 maskname=IN_CLOSE_NOWRITE|IN_ISDIR name='' path=/root/Desktop/SapiDirFile pathname=/root/Desktop/SapiDirFile wd=1 > 

23-06-01 22:59:01 TheSapiPot   INFO     [File Monitor]
[*]Method: IN_OPEN
[*]Even: <Event dir=True mask=0x40000020 maskname=IN_OPEN|IN_ISDIR name='' path=/root/Desktop/SapiDirFile pathname=/root/Desktop/SapiDirFile wd=1 > 

23-06-01 22:59:01 TheSapiPot   INFO     [File Monitor]
[*]Method: IN_ACCESS
[*]Even: <Event dir=True mask=0x40000001 maskname=IN_ACCESS|IN_ISDIR name='' path=/root/Desktop/SapiDirFile pathname=/root/Desktop/SapiDirFile wd=1 > 

23-06-01 22:59:01 TheSapiPot   INFO     [File Monitor]
[*]Method: IN_CLOSE_NOWRITE
[*]Even: <Event dir=True mask=0x40000010 maskname=IN_CLOSE_NOWRITE|IN_ISDIR name='' path=/root/Desktop/SapiDirFile pathname=/root/Desktop/SapiDirFile wd=1 > 

23-06-01 22:59:01 TheSapiPot   INFO     [File Monitor]
[*]Method: IN_OPEN
[*]Even: <Event dir=True mask=0x40000020 maskname=IN_OPEN|IN_ISDIR name='' path=/root/Desktop/SapiDirFile pathname=/root/Desktop/SapiDirFile wd=1 > 

23-06-01 22:59:01 TheSapiPot   INFO     [File Monitor]
[*]Method: IN_ACCESS
[*]Even: <Event dir=True mask=0x40000001 maskname=IN_ACCESS|IN_ISDIR name='' path=/root/Desktop/SapiDirFile pathname=/root/Desktop/SapiDirFile wd=1 > 

23-06-01 22:59:01 TheSapiPot   INFO     [File Monitor]
[*]Method: IN_ACCESS
[*]Even: <Event dir=True mask=0x40000001 maskname=IN_ACCESS|IN_ISDIR name='' path=/root/Desktop/SapiDirFile pathname=/root/Desktop/SapiDirFile wd=1 > 

23-06-01 22:59:01 TheSapiPot   INFO     [File Monitor]
[*]Method: IN_CLOSE_NOWRITE
[*]Even: <Event dir=True mask=0x40000010 maskname=IN_CLOSE_NOWRITE|IN_ISDIR name='' path=/root/Desktop/SapiDirFile pathname=/root/Desktop/SapiDirFile wd=1 > 

23-06-01 22:59:01 TheSapiPot   INFO     [File Monitor]
[*]Method: IN_OPEN
[*]Even: <Event dir=True mask=0x40000020 maskname=IN_OPEN|IN_ISDIR name='' path=/root/Desktop/SapiDirFile pathname=/root/Desktop/SapiDirFile wd=1 > 

23-06-01 22:59:01 TheSapiPot   INFO     [File Monitor]
[*]Method: IN_ACCESS
[*]Even: <Event dir=True mask=0x40000001 maskname=IN_ACCESS|IN_ISDIR name='' path=/root/Desktop/SapiDirFile pathname=/root/Desktop/SapiDirFile wd=1 > 

23-06-01 22:59:01 TheSapiPot   INFO     [File Monitor]
[*]Method: IN_ACCESS
[*]Even: <Event dir=True mask=0x40000001 maskname=IN_ACCESS|IN_ISDIR name='' path=/root/Desktop/SapiDirFile pathname=/root/Desktop/SapiDirFile wd=1 > 

23-06-01 22:59:01 TheSapiPot   INFO     [File Monitor]
[*]Method: IN_CLOSE_NOWRITE
[*]Even: <Event dir=True mask=0x40000010 maskname=IN_CLOSE_NOWRITE|IN_ISDIR name='' path=/root/Desktop/SapiDirFile pathname=/root/Desktop/SapiDirFile wd=1 > 

23-06-01 22:59:02 TheSapiPot   INFO     [File Monitor]
[*]Method: IN_OPEN
[*]Even: <Event dir=True mask=0x40000020 maskname=IN_OPEN|IN_ISDIR name='' path=/root/Desktop/SapiDirFile pathname=/root/Desktop/SapiDirFile wd=1 > 

23-06-01 22:59:02 TheSapiPot   INFO     [File Monitor]
[*]Method: IN_ACCESS
[*]Even: <Event dir=True mask=0x40000001 maskname=IN_ACCESS|IN_ISDIR name='' path=/root/Desktop/SapiDirFile pathname=/root/Desktop/SapiDirFile wd=1 > 

23-06-01 22:59:02 TheSapiPot   INFO     [File Monitor]
[*]Method: IN_CLOSE_NOWRITE
[*]Even: <Event dir=True mask=0x40000010 maskname=IN_CLOSE_NOWRITE|IN_ISDIR name='' path=/root/Desktop/SapiDirFile pathname=/root/Desktop/SapiDirFile wd=1 > 

23-06-01 22:59:02 TheSapiPot   INFO     [File Monitor]
[*]Method: IN_OPEN
[*]Even: <Event dir=True mask=0x40000020 maskname=IN_OPEN|IN_ISDIR name='' path=/root/Desktop/SapiDirFile pathname=/root/Desktop/SapiDirFile wd=1 > 

23-06-01 22:59:02 TheSapiPot   INFO     [File Monitor]
[*]Method: IN_ACCESS
[*]Even: <Event dir=True mask=0x40000001 maskname=IN_ACCESS|IN_ISDIR name='' path=/root/Desktop/SapiDirFile pathname=/root/Desktop/SapiDirFile wd=1 > 

23-06-01 22:59:02 TheSapiPot   INFO     [File Monitor]
[*]Method: IN_CLOSE_NOWRITE
[*]Even: <Event dir=True mask=0x40000010 maskname=IN_CLOSE_NOWRITE|IN_ISDIR name='' path=/root/Desktop/SapiDirFile pathname=/root/Desktop/SapiDirFile wd=1 > 

23-06-01 22:59:02 TheSapiPot   INFO     [File Monitor]
[*]Method: IN_OPEN
[*]Even: <Event dir=True mask=0x40000020 maskname=IN_OPEN|IN_ISDIR name='' path=/root/Desktop/SapiDirFile pathname=/root/Desktop/SapiDirFile wd=1 > 

23-06-01 22:59:02 TheSapiPot   INFO     [File Monitor]
[*]Method: IN_ACCESS
[*]Even: <Event dir=True mask=0x40000001 maskname=IN_ACCESS|IN_ISDIR name='' path=/root/Desktop/SapiDirFile pathname=/root/Desktop/SapiDirFile wd=1 > 

23-06-01 22:59:02 TheSapiPot   INFO     [File Monitor]
[*]Method: IN_CLOSE_NOWRITE
[*]Even: <Event dir=True mask=0x40000010 maskname=IN_CLOSE_NOWRITE|IN_ISDIR name='' path=/root/Desktop/SapiDirFile pathname=/root/Desktop/SapiDirFile wd=1 > 

23-06-01 22:59:04 TheSapiPot   INFO     [File Monitor]
[*]Method: IN_OPEN
[*]Even: <Event dir=True mask=0x40000020 maskname=IN_OPEN|IN_ISDIR name='' path=/root/Desktop/SapiDirFile pathname=/root/Desktop/SapiDirFile wd=1 > 

23-06-01 22:59:04 TheSapiPot   INFO     [File Monitor]
[*]Method: IN_ACCESS
[*]Even: <Event dir=True mask=0x40000001 maskname=IN_ACCESS|IN_ISDIR name='' path=/root/Desktop/SapiDirFile pathname=/root/Desktop/SapiDirFile wd=1 > 

23-06-01 22:59:04 TheSapiPot   INFO     [File Monitor]
[*]Method: IN_CLOSE_NOWRITE
[*]Even: <Event dir=True mask=0x40000010 maskname=IN_CLOSE_NOWRITE|IN_ISDIR name='' path=/root/Desktop/SapiDirFile pathname=/root/Desktop/SapiDirFile wd=1 > 

23-06-01 22:59:04 TheSapiPot   INFO     [File Monitor]
[*]Method: IN_OPEN
[*]Even: <Event dir=True mask=0x40000020 maskname=IN_OPEN|IN_ISDIR name='' path=/root/Desktop/SapiDirFile pathname=/root/Desktop/SapiDirFile wd=1 > 

23-06-01 22:59:04 TheSapiPot   INFO     [File Monitor]
[*]Method: IN_ACCESS
[*]Even: <Event dir=True mask=0x40000001 maskname=IN_ACCESS|IN_ISDIR name='' path=/root/Desktop/SapiDirFile pathname=/root/Desktop/SapiDirFile wd=1 > 

23-06-01 22:59:04 TheSapiPot   INFO     [File Monitor]
[*]Method: IN_CLOSE_NOWRITE
[*]Even: <Event dir=True mask=0x40000010 maskname=IN_CLOSE_NOWRITE|IN_ISDIR name='' path=/root/Desktop/SapiDirFile pathname=/root/Desktop/SapiDirFile wd=1 > 

23-06-01 22:59:04 TheSapiPot   INFO     [File Monitor]
[*]Method: IN_OPEN
[*]Even: <Event dir=True mask=0x40000020 maskname=IN_OPEN|IN_ISDIR name='' path=/root/Desktop/SapiDirFile pathname=/root/Desktop/SapiDirFile wd=1 > 

23-06-01 22:59:04 TheSapiPot   INFO     [File Monitor]
[*]Method: IN_ACCESS
[*]Even: <Event dir=True mask=0x40000001 maskname=IN_ACCESS|IN_ISDIR name='' path=/root/Desktop/SapiDirFile pathname=/root/Desktop/SapiDirFile wd=1 > 

23-06-01 22:59:04 TheSapiPot   INFO     [File Monitor]
[*]Method: IN_ACCESS
[*]Even: <Event dir=True mask=0x40000001 maskname=IN_ACCESS|IN_ISDIR name='' path=/root/Desktop/SapiDirFile pathname=/root/Desktop/SapiDirFile wd=1 > 

23-06-01 22:59:04 TheSapiPot   INFO     [File Monitor]
[*]Method: IN_CLOSE_NOWRITE
[*]Even: <Event dir=True mask=0x40000010 maskname=IN_CLOSE_NOWRITE|IN_ISDIR name='' path=/root/Desktop/SapiDirFile pathname=/root/Desktop/SapiDirFile wd=1 > 

23-06-01 22:59:04 TheSapiPot   INFO     [File Monitor]
[*]Method: IN_OPEN
[*]Even: <Event dir=True mask=0x40000020 maskname=IN_OPEN|IN_ISDIR name='' path=/root/Desktop/SapiDirFile pathname=/root/Desktop/SapiDirFile wd=1 > 

23-06-01 22:59:04 TheSapiPot   INFO     [File Monitor]
[*]Method: IN_ACCESS
[*]Even: <Event dir=True mask=0x40000001 maskname=IN_ACCESS|IN_ISDIR name='' path=/root/Desktop/SapiDirFile pathname=/root/Desktop/SapiDirFile wd=1 > 

23-06-01 22:59:04 TheSapiPot   INFO     [File Monitor]
[*]Method: IN_ACCESS
[*]Even: <Event dir=True mask=0x40000001 maskname=IN_ACCESS|IN_ISDIR name='' path=/root/Desktop/SapiDirFile pathname=/root/Desktop/SapiDirFile wd=1 > 

23-06-01 22:59:04 TheSapiPot   INFO     [File Monitor]
[*]Method: IN_CLOSE_NOWRITE
[*]Even: <Event dir=True mask=0x40000010 maskname=IN_CLOSE_NOWRITE|IN_ISDIR name='' path=/root/Desktop/SapiDirFile pathname=/root/Desktop/SapiDirFile wd=1 > 

23-06-01 22:59:05 TheSapiPot   INFO     [File Monitor]
[*]Method: IN_OPEN
[*]Even: <Event dir=True mask=0x40000020 maskname=IN_OPEN|IN_ISDIR name='' path=/root/Desktop/SapiDirFile pathname=/root/Desktop/SapiDirFile wd=1 > 

23-06-01 22:59:05 TheSapiPot   INFO     [File Monitor]
[*]Method: IN_ACCESS
[*]Even: <Event dir=True mask=0x40000001 maskname=IN_ACCESS|IN_ISDIR name='' path=/root/Desktop/SapiDirFile pathname=/root/Desktop/SapiDirFile wd=1 > 

23-06-01 22:59:05 TheSapiPot   INFO     [File Monitor]
[*]Method: IN_CLOSE_NOWRITE
[*]Even: <Event dir=True mask=0x40000010 maskname=IN_CLOSE_NOWRITE|IN_ISDIR name='' path=/root/Desktop/SapiDirFile pathname=/root/Desktop/SapiDirFile wd=1 > 

23-06-01 22:59:06 TheSapiPot   INFO     [File Monitor]
[*]Method: IN_OPEN
[*]Even: <Event dir=True mask=0x40000020 maskname=IN_OPEN|IN_ISDIR name='' path=/root/Desktop/SapiDirFile pathname=/root/Desktop/SapiDirFile wd=1 > 

23-06-01 22:59:06 TheSapiPot   INFO     [File Monitor]
[*]Method: IN_ACCESS
[*]Even: <Event dir=True mask=0x40000001 maskname=IN_ACCESS|IN_ISDIR name='' path=/root/Desktop/SapiDirFile pathname=/root/Desktop/SapiDirFile wd=1 > 

23-06-01 22:59:06 TheSapiPot   INFO     [File Monitor]
[*]Method: IN_CLOSE_NOWRITE
[*]Even: <Event dir=True mask=0x40000010 maskname=IN_CLOSE_NOWRITE|IN_ISDIR name='' path=/root/Desktop/SapiDirFile pathname=/root/Desktop/SapiDirFile wd=1 > 

23-06-01 22:59:06 TheSapiPot   INFO     [File Monitor]
[*]Method: IN_OPEN
[*]Even: <Event dir=True mask=0x40000020 maskname=IN_OPEN|IN_ISDIR name='' path=/root/Desktop/SapiDirFile pathname=/root/Desktop/SapiDirFile wd=1 > 

23-06-01 22:59:06 TheSapiPot   INFO     [File Monitor]
[*]Method: IN_ACCESS
[*]Even: <Event dir=True mask=0x40000001 maskname=IN_ACCESS|IN_ISDIR name='' path=/root/Desktop/SapiDirFile pathname=/root/Desktop/SapiDirFile wd=1 > 

23-06-01 22:59:06 TheSapiPot   INFO     [File Monitor]
[*]Method: IN_CLOSE_NOWRITE
[*]Even: <Event dir=True mask=0x40000010 maskname=IN_CLOSE_NOWRITE|IN_ISDIR name='' path=/root/Desktop/SapiDirFile pathname=/root/Desktop/SapiDirFile wd=1 > 

23-06-01 22:59:06 TheSapiPot   INFO     [File Monitor]
[*]Method: IN_OPEN
[*]Even: <Event dir=True mask=0x40000020 maskname=IN_OPEN|IN_ISDIR name='' path=/root/Desktop/SapiDirFile pathname=/root/Desktop/SapiDirFile wd=1 > 

23-06-01 22:59:06 TheSapiPot   INFO     [File Monitor]
[*]Method: IN_ACCESS
[*]Even: <Event dir=True mask=0x40000001 maskname=IN_ACCESS|IN_ISDIR name='' path=/root/Desktop/SapiDirFile pathname=/root/Desktop/SapiDirFile wd=1 > 

23-06-01 22:59:06 TheSapiPot   INFO     [File Monitor]
[*]Method: IN_CLOSE_NOWRITE
[*]Even: <Event dir=True mask=0x40000010 maskname=IN_CLOSE_NOWRITE|IN_ISDIR name='' path=/root/Desktop/SapiDirFile pathname=/root/Desktop/SapiDirFile wd=1 > 

23-06-01 22:59:07 TheSapiPot   INFO     [File Monitor]
[*]Method: IN_OPEN
[*]Even: <Event dir=True mask=0x40000020 maskname=IN_OPEN|IN_ISDIR name='' path=/root/Desktop/SapiDirFile pathname=/root/Desktop/SapiDirFile wd=1 > 

23-06-01 22:59:07 TheSapiPot   INFO     [File Monitor]
[*]Method: IN_ACCESS
[*]Even: <Event dir=True mask=0x40000001 maskname=IN_ACCESS|IN_ISDIR name='' path=/root/Desktop/SapiDirFile pathname=/root/Desktop/SapiDirFile wd=1 > 

23-06-01 22:59:07 TheSapiPot   INFO     [File Monitor]
[*]Method: IN_CLOSE_NOWRITE
[*]Even: <Event dir=True mask=0x40000010 maskname=IN_CLOSE_NOWRITE|IN_ISDIR name='' path=/root/Desktop/SapiDirFile pathname=/root/Desktop/SapiDirFile wd=1 > 

23-06-01 22:59:07 TheSapiPot   INFO     [File Monitor]
[*]Method: IN_CREATE
[*]Even: <Event dir=False mask=0x100 maskname=IN_CREATE name=data.txt path=/root/Desktop/SapiDirFile pathname=/root/Desktop/SapiDirFile/data.txt wd=1 > 

23-06-01 22:59:07 TheSapiPot   INFO     [File Monitor]
[*]Method: IN_OPEN
[*]Even: <Event dir=False mask=0x20 maskname=IN_OPEN name=data.txt path=/root/Desktop/SapiDirFile pathname=/root/Desktop/SapiDirFile/data.txt wd=1 > 

23-06-01 22:59:07 TheSapiPot   INFO     [File Monitor]
[*]Method: IN_ATTRIB
[*]Even: <Event dir=False mask=0x4 maskname=IN_ATTRIB name=data.txt path=/root/Desktop/SapiDirFile pathname=/root/Desktop/SapiDirFile/data.txt wd=1 > 

23-06-01 22:59:07 TheSapiPot   INFO     [File Monitor]
[*]Method: IN_CLOSE_WRITE
[*]Even: <Event dir=False mask=0x8 maskname=IN_CLOSE_WRITE name=data.txt path=/root/Desktop/SapiDirFile pathname=/root/Desktop/SapiDirFile/data.txt wd=1 > 

23-06-01 22:59:29 TheSapiPot   INFO     [File Monitor]
[*]Method: IN_OPEN
[*]Even: <Event dir=True mask=0x40000020 maskname=IN_OPEN|IN_ISDIR name='' path=/root/Desktop/SapiDirFile pathname=/root/Desktop/SapiDirFile wd=1 > 

23-06-01 22:59:29 TheSapiPot   INFO     [File Monitor]
[*]Method: IN_ACCESS
[*]Even: <Event dir=True mask=0x40000001 maskname=IN_ACCESS|IN_ISDIR name='' path=/root/Desktop/SapiDirFile pathname=/root/Desktop/SapiDirFile wd=1 > 

23-06-01 22:59:29 TheSapiPot   INFO     [File Monitor]
[*]Method: IN_CLOSE_NOWRITE
[*]Even: <Event dir=True mask=0x40000010 maskname=IN_CLOSE_NOWRITE|IN_ISDIR name='' path=/root/Desktop/SapiDirFile pathname=/root/Desktop/SapiDirFile wd=1 > 

23-06-01 22:59:30 TheSapiPot   INFO     [File Monitor]
[*]Method: IN_OPEN
[*]Even: <Event dir=True mask=0x40000020 maskname=IN_OPEN|IN_ISDIR name='' path=/root/Desktop/SapiDirFile pathname=/root/Desktop/SapiDirFile wd=1 > 

23-06-01 22:59:30 TheSapiPot   INFO     [File Monitor]
[*]Method: IN_ACCESS
[*]Even: <Event dir=True mask=0x40000001 maskname=IN_ACCESS|IN_ISDIR name='' path=/root/Desktop/SapiDirFile pathname=/root/Desktop/SapiDirFile wd=1 > 

23-06-01 22:59:30 TheSapiPot   INFO     [File Monitor]
[*]Method: IN_CLOSE_NOWRITE
[*]Even: <Event dir=True mask=0x40000010 maskname=IN_CLOSE_NOWRITE|IN_ISDIR name='' path=/root/Desktop/SapiDirFile pathname=/root/Desktop/SapiDirFile wd=1 > 

23-06-01 22:59:30 TheSapiPot   INFO     [File Monitor]
[*]Method: IN_OPEN
[*]Even: <Event dir=True mask=0x40000020 maskname=IN_OPEN|IN_ISDIR name='' path=/root/Desktop/SapiDirFile pathname=/root/Desktop/SapiDirFile wd=1 > 

23-06-01 22:59:30 TheSapiPot   INFO     [File Monitor]
[*]Method: IN_ACCESS
[*]Even: <Event dir=True mask=0x40000001 maskname=IN_ACCESS|IN_ISDIR name='' path=/root/Desktop/SapiDirFile pathname=/root/Desktop/SapiDirFile wd=1 > 

23-06-01 22:59:30 TheSapiPot   INFO     [File Monitor]
[*]Method: IN_CLOSE_NOWRITE
[*]Even: <Event dir=True mask=0x40000010 maskname=IN_CLOSE_NOWRITE|IN_ISDIR name='' path=/root/Desktop/SapiDirFile pathname=/root/Desktop/SapiDirFile wd=1 > 

23-06-01 22:59:37 TheSapiPot   INFO     [File Monitor]
[*]Method: IN_DELETE
[*]Even: <Event dir=False mask=0x200 maskname=IN_DELETE name=data.txt path=/root/Desktop/SapiDirFile pathname=/root/Desktop/SapiDirFile/data.txt wd=1 > 

23-06-01 22:59:49 TheSapiPot   INFO     [File Monitor]
[*]Method: IN_OPEN
[*]Even: <Event dir=True mask=0x40000020 maskname=IN_OPEN|IN_ISDIR name='' path=/root/Desktop/SapiDirFile pathname=/root/Desktop/SapiDirFile wd=1 > 

23-06-01 22:59:49 TheSapiPot   INFO     [File Monitor]
[*]Method: IN_ACCESS
[*]Even: <Event dir=True mask=0x40000001 maskname=IN_ACCESS|IN_ISDIR name='' path=/root/Desktop/SapiDirFile pathname=/root/Desktop/SapiDirFile wd=1 > 

23-06-01 22:59:49 TheSapiPot   INFO     [File Monitor]
[*]Method: IN_CLOSE_NOWRITE
[*]Even: <Event dir=True mask=0x40000010 maskname=IN_CLOSE_NOWRITE|IN_ISDIR name='' path=/root/Desktop/SapiDirFile pathname=/root/Desktop/SapiDirFile wd=1 > 

