2023-06-02 20:55:21,706 - Folder /home/sapikali/Desktop/SapiDirFile was deleted
2023-06-02 20:58:25,673 - Folder /home/sapikali/Desktop/SapiDirFile was any
2023-06-02 20:58:25,674 - Folder /home/sapikali/Desktop/SapiDirFile was deleted
2023-06-02 21:02:34,721 - Folder <DirDeletedEvent: event_type=deleted, src_path='/home/sapikali/Desktop/SapiDirFile', is_directory=True> was any
2023-06-02 21:02:34,724 - Folder /home/sapikali/Desktop/SapiDirFile was deleted
2023-06-02 21:09:01,028 - Folder <FileCreatedEvent: event_type=created, src_path='/home/sapikali/Desktop/SapiDirFile/data.txt', is_directory=False> was any
2023-06-02 21:09:01,029 - Folder <DirModifiedEvent: event_type=modified, src_path='/home/sapikali/Desktop/SapiDirFile', is_directory=True> was any
2023-06-02 21:09:01,030 - Folder <FileOpenedEvent: event_type=opened, src_path='/home/sapikali/Desktop/SapiDirFile/data.txt', is_directory=False> was any
2023-06-02 21:09:01,031 - Folder <FileModifiedEvent: event_type=modified, src_path='/home/sapikali/Desktop/SapiDirFile/data.txt', is_directory=False> was any
2023-06-02 21:09:01,031 - Folder <FileClosedEvent: event_type=closed, src_path='/home/sapikali/Desktop/SapiDirFile/data.txt', is_directory=False> was any
2023-06-02 21:09:01,031 - Folder <DirModifiedEvent: event_type=modified, src_path='/home/sapikali/Desktop/SapiDirFile', is_directory=True> was any
2023-06-02 21:09:47,120 - Folder <DirCreatedEvent: event_type=created, src_path='/home/sapikali/Desktop/SapiDirFile/backup', is_directory=True> was any
2023-06-02 21:09:47,121 - Folder <DirModifiedEvent: event_type=modified, src_path='/home/sapikali/Desktop/SapiDirFile', is_directory=True> was any
2023-06-02 21:12:06,759 - Folder <DirDeletedEvent: event_type=deleted, src_path='/home/sapikali/Desktop/SapiDirFile/backup', is_directory=True> was any
2023-06-02 21:12:06,760 - Folder <DirModifiedEvent: event_type=modified, src_path='/home/sapikali/Desktop/SapiDirFile', is_directory=True> was any
2023-06-02 21:13:09,094 - Folder <FileDeletedEvent: event_type=deleted, src_path='/home/sapikali/Desktop/SapiDirFile/data.txt', is_directory=False> was any
2023-06-02 21:13:09,094 - Folder <DirModifiedEvent: event_type=modified, src_path='/home/sapikali/Desktop/SapiDirFile', is_directory=True> was any
2023-06-02 21:13:09,095 - Folder <DirDeletedEvent: event_type=deleted, src_path='/home/sapikali/Desktop/SapiDirFile', is_directory=True> was any
2023-06-02 21:13:09,095 - Folder /home/sapikali/Desktop/SapiDirFile was deleted
2023-06-02 21:38:43,067 - [File Monitor]
[*]Type: created
[*]Target: /home/sapikali/Desktop/SapiDirFile/data2.txt
[*]File
2023-06-02 21:38:43,067 - [File Monitor]
[*]Type: modified
[*]Target: /home/sapikali/Desktop/SapiDirFile
[*]Directory
2023-06-02 21:38:43,067 - [File Monitor]
[*]Type: opened
[*]Target: /home/sapikali/Desktop/SapiDirFile/data2.txt
[*]File
2023-06-02 21:38:43,067 - [File Monitor]
[*]Type: modified
[*]Target: /home/sapikali/Desktop/SapiDirFile/data2.txt
[*]File
2023-06-02 21:38:43,068 - [File Monitor]
[*]Type: closed
[*]Target: /home/sapikali/Desktop/SapiDirFile/data2.txt
[*]File
2023-06-02 21:38:43,068 - [File Monitor]
[*]Type: modified
[*]Target: /home/sapikali/Desktop/SapiDirFile
[*]Directory
